<?xml version="1.0" encoding="UTF-8"?>
<!-- Generated by org.testng.reporters.JUnitReportReporter -->
<testsuite skipped="0" hostname="Musavir" name="testcases.TC006_MergeLead" tests="1" failures="0" timestamp="20 Apr 2018 10:49:43 GMT" time="20.452" errors="0">
  <testcase name="loginAndLogout" time="20.452" classname="testcases.TC006_MergeLead"/>
</testsuite> <!-- testcases.TC006_MergeLead -->
