<?xml version="1.0" encoding="UTF-8"?>
<!-- Generated by org.testng.reporters.JUnitReportReporter -->
<testsuite name="testcases.TC005_DeleteLead" tests="1" time="22.019" ignored="0" failures="0" timestamp="14 Apr 2018 05:34:09 GMT" skipped="0" hostname="Musavir" errors="0">
  <testcase name="loginAndLogout" time="22.019" classname="testcases.TC005_DeleteLead"/>
</testsuite> <!-- testcases.TC005_DeleteLead -->
