<?xml version="1.0" encoding="UTF-8"?>
<!-- Generated by org.testng.reporters.JUnitReportReporter -->
<testsuite skipped="0" hostname="Musavir" name="testcases.TC007_DuplicateLead" tests="1" failures="0" timestamp="20 Apr 2018 12:45:10 GMT" time="24.221" errors="0">
  <testcase name="DuplicateLead" time="24.221" classname="testcases.TC007_DuplicateLead"/>
</testsuite> <!-- testcases.TC007_DuplicateLead -->
