<?xml version="1.0" encoding="UTF-8"?>
<!-- Generated by org.testng.reporters.JUnitReportReporter -->
<testsuite name="testcases.TC001_LoginAndLogout" tests="2" time="30.775" ignored="0" failures="0" timestamp="12 Apr 2018 17:34:30 GMT" skipped="0" hostname="Musavir" errors="0">
  <testcase name="loginAndLogout" time="18.712" classname="testcases.TC001_LoginAndLogout"/>
  <testcase name="loginAndLogout" time="12.063" classname="testcases.TC001_LoginAndLogout"/>
</testsuite> <!-- testcases.TC001_LoginAndLogout -->
