<?xml version="1.0" encoding="UTF-8"?>
<!-- Generated by org.testng.reporters.JUnitReportReporter -->
<testsuite name="testcases.TC004_EditLead" tests="1" time="21.427" ignored="0" failures="0" timestamp="14 Apr 2018 04:42:43 GMT" skipped="0" hostname="Musavir" errors="0">
  <testcase name="loginAndLogout" time="21.427" classname="testcases.TC004_EditLead"/>
</testsuite> <!-- testcases.TC004_EditLead -->
