<?xml version="1.0" encoding="UTF-8"?>
<!-- Generated by org.testng.reporters.JUnitReportReporter -->
<testsuite skipped="0" hostname="Musavir" name="testcases.TC003_CreateLead" tests="1" failures="0" timestamp="20 Apr 2018 12:18:33 GMT" time="21.159" errors="0">
  <testcase name="loginAndLogout" time="21.159" classname="testcases.TC003_CreateLead"/>
</testsuite> <!-- testcases.TC003_CreateLead -->
